Flow report for CONT_V525
Wed Mar 08 21:55:19 2023
Quartus Prime Version 18.1.0 Build 625 09/12/2018 SJ Lite Edition


---------------------
; Table of Contents ;
---------------------
  1. Legal Notice
  2. Flow Summary
  3. Flow Settings
  4. Flow Non-Default Global Settings
  5. Flow Elapsed Time
  6. Flow OS Summary
  7. Flow Log
  8. Flow Messages
  9. Flow Suppressed Messages



----------------
; Legal Notice ;
----------------
Copyright (C) 2018  Intel Corporation. All rights reserved.
Your use of Intel Corporation's design tools, logic functions 
and other software and tools, and its AMPP partner logic 
functions, and any output files from any of the foregoing 
(including device programming or simulation files), and any 
associated documentation or information are expressly subject 
to the terms and conditions of the Intel Program License 
Subscription Agreement, the Intel Quartus Prime License Agreement,
the Intel FPGA IP License Agreement, or other applicable license
agreement, including, without limitation, that your use is for
the sole purpose of programming logic devices manufactured by
Intel and sold by Intel or its authorized distributors.  Please
refer to the applicable agreement for further details.



+----------------------------------------------------------------------------------+
; Flow Summary                                                                     ;
+------------------------------------+---------------------------------------------+
; Flow Status                        ; Successful - Wed Mar 08 21:55:19 2023       ;
; Quartus Prime Version              ; 18.1.0 Build 625 09/12/2018 SJ Lite Edition ;
; Revision Name                      ; CONT_V525                                   ;
; Top-level Entity Name              ; CONT_V525                                   ;
; Family                             ; MAX 10                                      ;
; Device                             ; 10M08DAF484C8G                              ;
; Timing Models                      ; Final                                       ;
; Total logic elements               ; 11 / 8,064 ( < 1 % )                        ;
;     Total combinational functions  ; 11 / 8,064 ( < 1 % )                        ;
;     Dedicated logic registers      ; 10 / 8,064 ( < 1 % )                        ;
; Total registers                    ; 10                                          ;
; Total pins                         ; 12 / 250 ( 5 % )                            ;
; Total virtual pins                 ; 0                                           ;
; Total memory bits                  ; 0 / 387,072 ( 0 % )                         ;
; Embedded Multiplier 9-bit elements ; 0 / 48 ( 0 % )                              ;
; Total PLLs                         ; 0 / 2 ( 0 % )                               ;
; UFM blocks                         ; 0 / 1 ( 0 % )                               ;
; ADC blocks                         ; 0 / 1 ( 0 % )                               ;
+------------------------------------+---------------------------------------------+


+-----------------------------------------+
; Flow Settings                           ;
+-------------------+---------------------+
; Option            ; Setting             ;
+-------------------+---------------------+
; Start date & time ; 03/08/2023 21:44:36 ;
; Main task         ; Compilation         ;
; Revision Name     ; CONT_V525           ;
+-------------------+---------------------+


+-------------------------------------------------------------------------------------------------------------------------+
; Flow Non-Default Global Settings                                                                                        ;
+-------------------------------------+----------------------------------------+---------------+-------------+------------+
; Assignment Name                     ; Value                                  ; Default Value ; Entity Name ; Section Id ;
+-------------------------------------+----------------------------------------+---------------+-------------+------------+
; COMPILER_SIGNATURE_ID               ; 214285381058283.167833347500628        ; --            ; --          ; --         ;
; PARTITION_COLOR                     ; -- (Not supported for targeted family) ; --            ; --          ; Top        ;
; PARTITION_FITTER_PRESERVATION_LEVEL ; -- (Not supported for targeted family) ; --            ; --          ; Top        ;
; PARTITION_NETLIST_TYPE              ; -- (Not supported for targeted family) ; --            ; --          ; Top        ;
+-------------------------------------+----------------------------------------+---------------+-------------+------------+


+--------------------------------------------------------------------------------------------------------------------------+
; Flow Elapsed Time                                                                                                        ;
+----------------------+--------------+-------------------------+---------------------+------------------------------------+
; Module Name          ; Elapsed Time ; Average Processors Used ; Peak Virtual Memory ; Total CPU Time (on all processors) ;
+----------------------+--------------+-------------------------+---------------------+------------------------------------+
; Analysis & Synthesis ; 00:00:30     ; 1.0                     ; 4829 MB             ; 00:00:55                           ;
; Fitter               ; 00:00:22     ; 1.0                     ; 5812 MB             ; 00:00:19                           ;
; Assembler            ; 00:00:03     ; 1.0                     ; 4672 MB             ; 00:00:03                           ;
; Timing Analyzer      ; 00:00:09     ; 1.0                     ; 4818 MB             ; 00:00:08                           ;
; EDA Netlist Writer   ; 00:00:02     ; 1.0                     ; 4623 MB             ; 00:00:02                           ;
; EDA Netlist Writer   ; 00:00:03     ; 1.0                     ; 4631 MB             ; 00:00:03                           ;
; EDA Netlist Writer   ; 00:00:03     ; 1.0                     ; 4623 MB             ; 00:00:02                           ;
; EDA Netlist Writer   ; 00:00:02     ; 1.0                     ; 4631 MB             ; 00:00:03                           ;
; EDA Netlist Writer   ; 00:00:03     ; 1.0                     ; 4623 MB             ; 00:00:03                           ;
; EDA Netlist Writer   ; 00:00:03     ; 1.0                     ; 4631 MB             ; 00:00:03                           ;
; EDA Netlist Writer   ; 00:00:03     ; 1.0                     ; 4623 MB             ; 00:00:02                           ;
; EDA Netlist Writer   ; 00:00:02     ; 1.0                     ; 4631 MB             ; 00:00:03                           ;
; EDA Netlist Writer   ; 00:00:03     ; 1.0                     ; 4623 MB             ; 00:00:02                           ;
; EDA Netlist Writer   ; 00:00:02     ; 1.0                     ; 4631 MB             ; 00:00:03                           ;
; EDA Netlist Writer   ; 00:00:02     ; 1.0                     ; 4623 MB             ; 00:00:02                           ;
; EDA Netlist Writer   ; 00:00:03     ; 1.0                     ; 4631 MB             ; 00:00:03                           ;
; Total                ; 00:01:35     ; --                      ; --                  ; 00:01:56                           ;
+----------------------+--------------+-------------------------+---------------------+------------------------------------+


+------------------------------------------------------------------------------------+
; Flow OS Summary                                                                    ;
+----------------------+------------------+------------+------------+----------------+
; Module Name          ; Machine Hostname ; OS Name    ; OS Version ; Processor type ;
+----------------------+------------------+------------+------------+----------------+
; Analysis & Synthesis ; LAPTOP-RTH2OJG5  ; Windows 10 ; 10.0       ; x86_64         ;
; Fitter               ; LAPTOP-RTH2OJG5  ; Windows 10 ; 10.0       ; x86_64         ;
; Assembler            ; LAPTOP-RTH2OJG5  ; Windows 10 ; 10.0       ; x86_64         ;
; Timing Analyzer      ; LAPTOP-RTH2OJG5  ; Windows 10 ; 10.0       ; x86_64         ;
; EDA Netlist Writer   ; LAPTOP-RTH2OJG5  ; Windows 10 ; 10.0       ; x86_64         ;
; EDA Netlist Writer   ; LAPTOP-RTH2OJG5  ; Windows 10 ; 10.0       ; x86_64         ;
; EDA Netlist Writer   ; LAPTOP-RTH2OJG5  ; Windows 10 ; 10.0       ; x86_64         ;
; EDA Netlist Writer   ; LAPTOP-RTH2OJG5  ; Windows 10 ; 10.0       ; x86_64         ;
; EDA Netlist Writer   ; LAPTOP-RTH2OJG5  ; Windows 10 ; 10.0       ; x86_64         ;
; EDA Netlist Writer   ; LAPTOP-RTH2OJG5  ; Windows 10 ; 10.0       ; x86_64         ;
; EDA Netlist Writer   ; LAPTOP-RTH2OJG5  ; Windows 10 ; 10.0       ; x86_64         ;
; EDA Netlist Writer   ; LAPTOP-RTH2OJG5  ; Windows 10 ; 10.0       ; x86_64         ;
; EDA Netlist Writer   ; LAPTOP-RTH2OJG5  ; Windows 10 ; 10.0       ; x86_64         ;
; EDA Netlist Writer   ; LAPTOP-RTH2OJG5  ; Windows 10 ; 10.0       ; x86_64         ;
; EDA Netlist Writer   ; LAPTOP-RTH2OJG5  ; Windows 10 ; 10.0       ; x86_64         ;
; EDA Netlist Writer   ; LAPTOP-RTH2OJG5  ; Windows 10 ; 10.0       ; x86_64         ;
+----------------------+------------------+------------+------------+----------------+


------------
; Flow Log ;
------------
quartus_map --read_settings_files=on --write_settings_files=off CONT_V525 -c CONT_V525
quartus_fit --read_settings_files=off --write_settings_files=off CONT_V525 -c CONT_V525
quartus_asm --read_settings_files=off --write_settings_files=off CONT_V525 -c CONT_V525
quartus_sta CONT_V525 -c CONT_V525
quartus_eda --gen_testbench --tool=modelsim_oem --format=vhdl --write_settings_files=off CONT_V525 -c CONT_V525 --vector_source=C:/intelFPGA_lite/VGA_CRUZ/CONT_V525/CONT_V525.vwf --testbench_file=C:/intelFPGA_lite/VGA_CRUZ/CONT_V525/simulation/qsim/CONT_V525.vwf.vht
quartus_eda --write_settings_files=off --simulation=on --functional=on --flatten_buses=off --tool=modelsim_oem --format=vhdl --output_directory=C:/intelFPGA_lite/VGA_CRUZ/CONT_V525/simulation/qsim/ CONT_V525 -c CONT_V525
quartus_eda --gen_testbench --tool=modelsim_oem --format=vhdl --write_settings_files=off CONT_V525 -c CONT_V525 --vector_source=C:/intelFPGA_lite/VGA_CRUZ/CONT_V525/CONT_V525.vwf --testbench_file=C:/intelFPGA_lite/VGA_CRUZ/CONT_V525/simulation/qsim/CONT_V525.vwf.vht
quartus_eda --write_settings_files=off --simulation=on --functional=on --flatten_buses=off --tool=modelsim_oem --format=vhdl --output_directory=C:/intelFPGA_lite/VGA_CRUZ/CONT_V525/simulation/qsim/ CONT_V525 -c CONT_V525
quartus_eda --gen_testbench --tool=modelsim_oem --format=vhdl --write_settings_files=off CONT_V525 -c CONT_V525 --vector_source=C:/intelFPGA_lite/VGA_CRUZ/CONT_V525/CONT_V525.vwf --testbench_file=C:/intelFPGA_lite/VGA_CRUZ/CONT_V525/simulation/qsim/CONT_V525.vwf.vht
quartus_eda --write_settings_files=off --simulation=on --functional=on --flatten_buses=off --tool=modelsim_oem --format=vhdl --output_directory=C:/intelFPGA_lite/VGA_CRUZ/CONT_V525/simulation/qsim/ CONT_V525 -c CONT_V525
quartus_eda --gen_testbench --tool=modelsim_oem --format=vhdl --write_settings_files=off CONT_V525 -c CONT_V525 --vector_source=C:/intelFPGA_lite/VGA_CRUZ/CONT_V525/CONT_V525.vwf --testbench_file=C:/intelFPGA_lite/VGA_CRUZ/CONT_V525/simulation/qsim/CONT_V525.vwf.vht
quartus_eda --write_settings_files=off --simulation=on --functional=on --flatten_buses=off --tool=modelsim_oem --format=vhdl --output_directory=C:/intelFPGA_lite/VGA_CRUZ/CONT_V525/simulation/qsim/ CONT_V525 -c CONT_V525
quartus_eda --gen_testbench --tool=modelsim_oem --format=vhdl --write_settings_files=off CONT_V525 -c CONT_V525 --vector_source=C:/intelFPGA_lite/VGA_CRUZ/CONT_V525/CONT_V525.vwf --testbench_file=C:/intelFPGA_lite/VGA_CRUZ/CONT_V525/simulation/qsim/CONT_V525.vwf.vht
quartus_eda --write_settings_files=off --simulation=on --functional=on --flatten_buses=off --tool=modelsim_oem --format=vhdl --output_directory=C:/intelFPGA_lite/VGA_CRUZ/CONT_V525/simulation/qsim/ CONT_V525 -c CONT_V525
quartus_eda --gen_testbench --tool=modelsim_oem --format=vhdl --write_settings_files=off CONT_V525 -c CONT_V525 --vector_source=C:/intelFPGA_lite/VGA_CRUZ/CONT_V525/CONT_V525.vwf --testbench_file=C:/intelFPGA_lite/VGA_CRUZ/CONT_V525/simulation/qsim/CONT_V525.vwf.vht
quartus_eda --write_settings_files=off --simulation=on --functional=on --flatten_buses=off --tool=modelsim_oem --format=vhdl --output_directory=C:/intelFPGA_lite/VGA_CRUZ/CONT_V525/simulation/qsim/ CONT_V525 -c CONT_V525



